<?xml version="1.0" encoding="UTF-8"?>
<!-- Generated by org.testng.reporters.JUnitReportReporter -->
<testsuite skipped="1" hostname="StutiShatabdee" name="Test.Basics3" tests="2" failures="0" timestamp="2020-05-10T22:16:46 EDT" time="0.001" errors="0">
  <testcase name="testcase4" time="0.001" classname="Test.Basics3"/>
  <system-out/>
  <testcase name="testcase16" classname="Test.Basics3">
    <skipped/>
  </testcase> <!-- testcase16 -->
  <system-out/>
</testsuite> <!-- Test.Basics3 -->
