<?xml version="1.0" encoding="UTF-8"?>
<!-- Generated by org.testng.reporters.JUnitReportReporter -->
<testsuite skipped="0" hostname="StutiShatabdee" name="Test.Basics2" tests="1" failures="0" timestamp="2020-05-10T22:16:46 EDT" time="0.001" errors="0">
  <testcase name="testcase3" time="0.001" classname="Test.Basics2"/>
  <system-out/>
</testsuite> <!-- Test.Basics2 -->
